commit d72b261d424ed83c6a7c142a0a7bacdd60544b9a
Author: MaironFernandez <maironhenryfernandezorellana@gmail.com>
Date:   Sat May 2 11:04:53 2020 -0400

    solucion problema

commit 268e5e1897bf36a65b3ef2a4e7e9729e8222f771
Author: MaironFernandez <maironhenryfernandezorellana@gmail.com>
Date:   Sat May 2 10:44:03 2020 -0400

    correccion caracteristica 10 - R2

commit 989d886e67b38fefb0f5057f238d467029bfb7ea
Merge: 3db80d4 81dae73
Author: MaironFernandez <maironhenryfernandezorellana@gmail.com>
Date:   Sat May 2 10:41:33 2020 -0400

    corregiendo el bug de la 5ta caracteristica

commit 81dae738d0206b528ab82f497f7ba1e4dcf855bb
Merge: 93d3862 797bd00
Author: MaironFernandez <maironhenryfernandezorellana@gmail.com>
Date:   Sat May 2 10:34:55 2020 -0400

    //modificacion caracteristica 12

commit 797bd0048e558fb2ae62d8144a7026ec4b6cbec2
Author: MaironFernandez <maironhenryfernandezorellana@gmail.com>
Date:   Sat May 2 10:34:26 2020 -0400

    modificacion caracteristica 12 - R2

commit 93d386284c9b0eb49bca5f3f8edca4c14653a43c
Merge: a9035fe 0ba94de
Author: MaironFernandez <maironhenryfernandezorellana@gmail.com>
Date:   Sat May 2 10:30:58 2020 -0400

    //esta es una modificacion de la caracteristica11

commit 0ba94de069f4ae68da9594a29e683bbdb537b6ab
Author: MaironFernandez <maironhenryfernandezorellana@gmail.com>
Date:   Sat May 2 10:30:43 2020 -0400

    modificacion caracteristica 11 - R2

commit a9035fe24e658a9fcabed4d11ba91cb97587ac7e
Merge: d40b9f5 6fd0d15
Author: MaironFernandez <maironhenryfernandezorellana@gmail.com>
Date:   Sat May 2 10:16:26 2020 -0400

    // modificacion caracteristica 10

commit 6fd0d15c9fe4e747cb8a41c121f91ff7e65c6663
Author: MaironFernandez <maironhenryfernandezorellana@gmail.com>
Date:   Sat May 2 10:16:01 2020 -0400

    modificacion caracteristica 10 - R2

commit d40b9f5ae63e205616e73316ddfe617365e3bf7c
Merge: 1e78987 2dfb538
Author: MaironFernandez <maironhenryfernandezorellana@gmail.com>
Date:   Sat May 2 10:09:21 2020 -0400

    //modificacion caracteristica 9

commit 2dfb538d569229d990cecc960a43f1e4ba97e3e0
Author: MaironFernandez <maironhenryfernandezorellana@gmail.com>
Date:   Sat May 2 10:09:02 2020 -0400

    modificacion caracteristica 9 - R2

commit 1e78987397107c55b71a750f5607acecb0cddc62
Merge: c37e031 3a8ecc9
Author: MaironFernandez <maironhenryfernandezorellana@gmail.com>
Date:   Sat May 2 10:05:22 2020 -0400

    // modificacion caracteristica8

commit 3a8ecc9cbfaa968e8681bbb5f5e7367d1e22e028
Author: MaironFernandez <maironhenryfernandezorellana@gmail.com>
Date:   Sat May 2 10:02:21 2020 -0400

    modificacion caracteristica 8 - R2

commit 3db80d46b437e84d78c3fdd66fc30b7bca8018e0
Author: MaironFernandez <maironhenryfernandezorellana@gmail.com>
Date:   Sat May 2 09:52:54 2020 -0400

    sin cebolla

commit c37e0310dfc40926e42495ff56f0a22f5eaa0b54
Merge: dc441bf 9e74dff
Author: MaironFernandez <maironhenryfernandezorellana@gmail.com>
Date:   Sat May 2 09:40:34 2020 -0400

    //trabajando...

commit 9e74dfff63f426d8351d55cd614338a20130b7b2
Author: MaironFernandez <maironhenryfernandezorellana@gmail.com>
Date:   Sat May 2 09:31:42 2020 -0400

    modificacion caracteristica 6 - R 2

commit dc441bf0b27253faa66738c83a08bb33eca76703
Author: MaironFernandez <maironhenryfernandezorellana@gmail.com>
Date:   Sat May 2 01:32:24 2020 -0400

    caracteristica 15 - R2

commit 125ba00cb8b0d2738239549e8a3576284ac367fc
Author: MaironFernandez <maironhenryfernandezorellana@gmail.com>
Date:   Sat May 2 01:29:57 2020 -0400

    caracteristica 14 - R2

commit 75be334aee917401297fa970663ce094b3976620
Author: MaironFernandez <maironhenryfernandezorellana@gmail.com>
Date:   Sat May 2 01:27:45 2020 -0400

    caracteristica 13 - R2

commit 01cf108a51c6201ca7c3a91275ade92ab7fc9913
Author: MaironFernandez <maironhenryfernandezorellana@gmail.com>
Date:   Sat May 2 01:25:44 2020 -0400

    caracteristica 12 - R2

commit 2bbd1f9ef898b1399c07e8bb37f6ffef75d990b9
Author: MaironFernandez <maironhenryfernandezorellana@gmail.com>
Date:   Sat May 2 01:23:33 2020 -0400

    caracteristica 11 - R2

commit 188be858faae070e3f06cb4cb0f353b8f1190a58
Author: MaironFernandez <maironhenryfernandezorellana@gmail.com>
Date:   Sat May 2 01:21:25 2020 -0400

    caracteristica 10 - R2

commit 464e3ad7d0caf7ffc6d5969f81a4b3f7a54e867e
Author: MaironFernandez <maironhenryfernandezorellana@gmail.com>
Date:   Sat May 2 01:19:18 2020 -0400

    caracteristica 9 - R2

commit 766cde82362dd791bed8b905daea37cfce8f74bb
Author: MaironFernandez <maironhenryfernandezorellana@gmail.com>
Date:   Sat May 2 01:16:26 2020 -0400

    caracteristica 8 - R2

commit 6f32c52b29becb5f82155d5a8758f6fdc5686dd1
Author: MaironFernandez <maironhenryfernandezorellana@gmail.com>
Date:   Sat May 2 01:12:41 2020 -0400

    caracteristica 7 - R2

commit 9a60f8cd392330fb07d6076f138e19f86b93bfa2
Author: MaironFernandez <maironhenryfernandezorellana@gmail.com>
Date:   Sat May 2 01:05:27 2020 -0400

    caracteristica 6 , R2

commit bdfcea8a0a43107cf38d98d085e451625e92ae09
Author: MaironFernandez <maironhenryfernandezorellana@gmail.com>
Date:   Fri May 1 23:35:05 2020 -0400

    caracteristica 5 - R1

commit da609c2a63a3d6f159115dbba0b4dd1d0b097570
Author: MaironFernandez <maironhenryfernandezorellana@gmail.com>
Date:   Fri May 1 23:27:12 2020 -0400

    caracteristica 4 - R1

commit d7c77ec3d1604cbbeec2ff2089ebc4fb07dfa0ec
Author: MaironFernandez <maironhenryfernandezorellana@gmail.com>
Date:   Fri May 1 23:23:04 2020 -0400

    caracteristica 3 - R1

commit b6ff752052fab5a89f72e9097a7a7bd7071bedee
Author: MaironFernandez <maironhenryfernandezorellana@gmail.com>
Date:   Fri May 1 23:17:06 2020 -0400

    caracteristica2 - R1

commit 41be14d3773dd4c01427a7cf5f3ea67f5158e463
Author: MaironFernandez <maironhenryfernandezorellana@gmail.com>
Date:   Fri May 1 22:45:45 2020 -0400

    caracteristica 1 - R1

commit 0473e109adad69760af4d4365314fb3f56963612
Author: MaironFernandez <maironhenryfernandezorellana@gmail.com>
Date:   Fri May 1 22:33:54 2020 -0400

    Inicio del proyecto
